Checking Python syntax compilation...
[OK] All files compile successfully
All checks passed!
src/infrastructure/rag/store_manager.py:21: note: By default the bodies of untyped functions are not checked, consider using --check-untyped-defs  [annotation-unchecked]
src/infrastructure/rag/store_manager.py:22: note: By default the bodies of untyped functions are not checked, consider using --check-untyped-defs  [annotation-unchecked]
src/context.py:207: note: By default the bodies of untyped functions are not checked, consider using --check-untyped-defs  [annotation-unchecked]
src/context.py:208: note: By default the bodies of untyped functions are not checked, consider using --check-untyped-defs  [annotation-unchecked]
Success: no issues found in 242 source files
============================= test session starts ==============================
platform linux -- Python 3.13.7, pytest-8.4.2, pluggy-1.6.0 -- /home/nate/.cache/pypoetry/virtualenvs/insighthub-G9Cf3wlO-py3.13/bin/python
cachedir: .pytest_cache
rootdir: /home/nate/projects/insighthub
configfile: pyproject.toml
plugins: anyio-4.11.0, returns-0.26.0, cov-4.1.0
collecting ... collected 44 items

tests/unit/infrastructure/rag/test_options.py::test_get_rag_type_options_returns_expected_types PASSED [  2%]
tests/unit/infrastructure/rag/test_options.py::test_get_chunking_options_returns_expected_types PASSED [  4%]
tests/unit/infrastructure/rag/test_options.py::test_get_embedding_options_returns_expected_types PASSED [  6%]
tests/unit/infrastructure/rag/test_options.py::test_get_reranking_options_returns_expected_types PASSED [  9%]
tests/unit/infrastructure/rag/test_options.py::test_get_graph_entity_extraction_options_returns_expected_types PASSED [ 11%]
tests/unit/infrastructure/rag/test_options.py::test_get_graph_relationship_extraction_options_returns_expected_types PASSED [ 13%]
tests/unit/infrastructure/rag/test_options.py::test_get_graph_clustering_options_returns_expected_types PASSED [ 15%]
tests/unit/infrastructure/rag/test_options.py::test_get_default_rag_type_returns_expected_default PASSED [ 18%]
tests/unit/infrastructure/rag/test_options.py::test_get_default_chunking_algorithm_returns_expected_default PASSED [ 20%]
tests/unit/infrastructure/rag/test_options.py::test_get_default_embedding_algorithm_returns_expected_default PASSED [ 22%]
tests/unit/infrastructure/rag/test_options.py::test_get_default_reranking_algorithm_returns_expected_default PASSED [ 25%]
tests/unit/infrastructure/rag/test_options.py::test_get_default_entity_extraction_algorithm_returns_expected_default PASSED [ 27%]
tests/unit/infrastructure/rag/test_options.py::test_get_default_relationship_extraction_algorithm_returns_expected_default PASSED [ 29%]
tests/unit/infrastructure/rag/test_options.py::test_get_default_clustering_algorithm_returns_expected_default PASSED [ 31%]
tests/unit/infrastructure/rag/test_options.py::test_is_valid_rag_type_returns_correct_boolean[vector-True] PASSED [ 34%]
tests/unit/infrastructure/rag/test_options.py::test_is_valid_rag_type_returns_correct_boolean[graph-True] PASSED [ 36%]
tests/unit/infrastructure/rag/test_options.py::test_is_valid_rag_type_returns_correct_boolean[hybrid-True] PASSED [ 38%]
tests/unit/infrastructure/rag/test_options.py::test_is_valid_rag_type_returns_correct_boolean[invalid-False] PASSED [ 40%]
tests/unit/infrastructure/rag/test_options.py::test_is_valid_rag_type_returns_correct_boolean[-False] PASSED [ 43%]
tests/unit/infrastructure/rag/test_options.py::test_is_valid_rag_type_returns_correct_boolean[None-False] PASSED [ 45%]
tests/unit/infrastructure/rag/test_options.py::test_get_valid_rag_types_returns_expected_list PASSED [ 47%]
tests/unit/infrastructure/rag/test_options.py::test_is_valid_chunking_algorithm_returns_correct_boolean[sentence-True] PASSED [ 50%]
tests/unit/infrastructure/rag/test_options.py::test_is_valid_chunking_algorithm_returns_correct_boolean[token-True] PASSED [ 52%]
tests/unit/infrastructure/rag/test_options.py::test_is_valid_chunking_algorithm_returns_correct_boolean[markdown-True] PASSED [ 54%]
tests/unit/infrastructure/rag/test_options.py::test_is_valid_chunking_algorithm_returns_correct_boolean[html-True] PASSED [ 56%]
tests/unit/infrastructure/rag/test_options.py::test_is_valid_chunking_algorithm_returns_correct_boolean[code-True] PASSED [ 59%]
tests/unit/infrastructure/rag/test_options.py::test_is_valid_chunking_algorithm_returns_correct_boolean[invalid-False] PASSED [ 61%]
tests/unit/infrastructure/rag/test_options.py::test_is_valid_chunking_algorithm_returns_correct_boolean[-False] PASSED [ 63%]
tests/unit/infrastructure/rag/test_options.py::test_is_valid_chunking_algorithm_returns_correct_boolean[None-False] PASSED [ 65%]
tests/unit/infrastructure/rag/test_store_manager.py::TestRAGStoreManager::test_get_graph_store_caches_by_config PASSED [ 68%]
tests/unit/infrastructure/rag/test_store_manager.py::TestRAGStoreManager::test_get_vector_store_caches_by_config PASSED [ 70%]
tests/unit/infrastructure/rag/test_store_manager.py::TestRAGStoreManager::test_graph_cache_key_generation PASSED [ 72%]
tests/unit/infrastructure/rag/test_store_manager.py::TestRAGStoreManager::test_vector_cache_key_generation PASSED [ 75%]
tests/unit/infrastructure/rag/workflows/query/test_hybrid_rag_query_workflow.py::TestHybridRagQueryWorkflow::test_execute_calls_both_workflows PASSED [ 77%]
tests/unit/infrastructure/rag/workflows/query/test_hybrid_rag_query_workflow.py::TestHybridRagQueryWorkflow::test_execute_limits_to_top_k PASSED [ 79%]
tests/unit/infrastructure/rag/workflows/query/test_hybrid_rag_query_workflow.py::TestHybridRagQueryWorkflow::test_execute_with_filters PASSED [ 81%]
tests/unit/infrastructure/rag/workflows/query/test_hybrid_rag_query_workflow.py::TestHybridRagQueryWorkflow::test_reciprocal_rank_fusion_basic PASSED [ 84%]
tests/unit/infrastructure/rag/workflows/query/test_hybrid_rag_query_workflow.py::TestHybridRagQueryWorkflow::test_reciprocal_rank_fusion_ranking PASSED [ 86%]
tests/unit/infrastructure/rag/workflows/query/test_hybrid_rag_query_workflow.py::TestHybridRagQueryWorkflow::test_reciprocal_rank_fusion_with_duplicates PASSED [ 88%]
tests/unit/test_dummy_embedder.py::TestDummyEmbeddingEncoder::test_encode_single_text PASSED [ 90%]
tests/unit/test_dummy_embedder.py::TestDummyEmbeddingEncoder::test_encode_multiple_texts PASSED [ 93%]
tests/unit/test_dummy_embedder.py::TestDummyEmbeddingEncoder::test_get_dimension PASSED [ 95%]
tests/unit/test_dummy_embedder.py::TestDummyEmbeddingEncoder::test_get_model_name PASSED [ 97%]
tests/unit/test_dummy_embedder.py::TestDummyEmbeddingEncoder::test_default_dimension PASSED [100%]

---------- coverage: platform linux, python 3.13.7-final-0 -----------
Name                                                                                            Stmts   Miss  Cover
-------------------------------------------------------------------------------------------------------------------
src/__init__.py                                                                                     0      0   100%
src/__main__.py                                                                                     3      3     0%
src/cache_keys.py                                                                                  32     32     0%
src/cli.py                                                                                        194    194     0%
src/config.py                                                                                     195    195     0%
src/context.py                                                                                    119    119     0%
src/domains/__init__.py                                                                             0      0   100%
src/domains/default_rag_config/__init__.py                                                          4      4     0%
src/domains/default_rag_config/commands.py                                                         99     99     0%
src/domains/default_rag_config/data_access.py                                                      46     46     0%
src/domains/default_rag_config/dtos.py                                                             57     57     0%
src/domains/default_rag_config/mappers.py                                                           8      8     0%
src/domains/default_rag_config/models.py                                                           36     36     0%
src/domains/default_rag_config/orchestrator.py                                                     44     44     0%
src/domains/default_rag_config/repositories.py                                                     20     20     0%
src/domains/default_rag_config/service.py                                                          42     42     0%
src/domains/default_rag_config/validation.py                                                       62     62     0%
src/domains/rag_options/__init__.py                                                                 2      2     0%
src/domains/rag_options/commands.py                                                                44     44     0%
src/domains/rag_options/dtos.py                                                                    13     13     0%
src/domains/rag_options/orchestrator.py                                                            10     10     0%
src/domains/rag_options/service.py                                                                 15     15     0%
src/domains/state/__init__.py                                                                       4      4     0%
src/domains/state/commands.py                                                                      29     29     0%
src/domains/state/data_access.py                                                                   46     46     0%
src/domains/state/dtos.py                                                                           7      7     0%
src/domains/state/models.py                                                                        11     11     0%
src/domains/state/orchestrator.py                                                                  10     10     0%
src/domains/state/repositories.py                                                                  18     18     0%
src/domains/state/service.py                                                                       26     26     0%
src/domains/workspace/__init__.py                                                                   0      0   100%
src/domains/workspace/chat/__init__.py                                                              2      2     0%
src/domains/workspace/chat/message/__init__.py                                                      4      4     0%
src/domains/workspace/chat/message/commands.py                                                     46     46     0%
src/domains/workspace/chat/message/data_access.py                                                  85     85     0%
src/domains/workspace/chat/message/dtos.py                                                         21     21     0%
src/domains/workspace/chat/message/mappers.py                                                       8      8     0%
src/domains/workspace/chat/message/models.py                                                       15     15     0%
src/domains/workspace/chat/message/orchestrator.py                                                 30     30     0%
src/domains/workspace/chat/message/repositories.py                                                 56     56     0%
src/domains/workspace/chat/message/service.py                                                     110    110     0%
src/domains/workspace/chat/message/validation.py                                                   22     22     0%
src/domains/workspace/chat/service.py                                                               8      8     0%
src/domains/workspace/chat/session/__init__.py                                                      4      4     0%
src/domains/workspace/chat/session/commands.py                                                     78     78     0%
src/domains/workspace/chat/session/data_access.py                                                  99     99     0%
src/domains/workspace/chat/session/dtos.py                                                         30     30     0%
src/domains/workspace/chat/session/mappers.py                                                       8      8     0%
src/domains/workspace/chat/session/models.py                                                       15     15     0%
src/domains/workspace/chat/session/orchestrator.py                                                 51     51     0%
src/domains/workspace/chat/session/repositories.py                                                 60     60     0%
src/domains/workspace/chat/session/service.py                                                      55     55     0%
src/domains/workspace/chat/session/validation.py                                                   52     52     0%
src/domains/workspace/commands.py                                                                 160    160     0%
src/domains/workspace/data_access.py                                                              157    157     0%
src/domains/workspace/document/__init__.py                                                          3      3     0%
src/domains/workspace/document/commands.py                                                         98     98     0%
src/domains/workspace/document/data_access.py                                                      97     97     0%
src/domains/workspace/document/dtos.py                                                             26     26     0%
src/domains/workspace/document/mappers.py                                                           7      7     0%
src/domains/workspace/document/models.py                                                           29     29     0%
src/domains/workspace/document/orchestrator.py                                                     44     44     0%
src/domains/workspace/document/repositories.py                                                     82     82     0%
src/domains/workspace/document/service.py                                                         108    108     0%
src/domains/workspace/document/validation.py                                                       59     59     0%
src/domains/workspace/dtos.py                                                                      87     87     0%
src/domains/workspace/mappers.py                                                                   24     24     0%
src/domains/workspace/models.py                                                                    82      5    94%
src/domains/workspace/orchestrator.py                                                              78     78     0%
src/domains/workspace/rag_config_provider.py                                                       74     74     0%
src/domains/workspace/repositories.py                                                             143    120    16%
src/domains/workspace/service.py                                                                  125    125     0%
src/domains/workspace/validation.py                                                                32     32     0%
src/infrastructure/__init__.py                                                                      0      0   100%
src/infrastructure/cache/__init__.py                                                                2      0   100%
src/infrastructure/cache/cache.py                                                                  12      5    58%
src/infrastructure/cache/factory.py                                                                10      6    40%
src/infrastructure/cache/in_memory_cache.py                                                        41     30    27%
src/infrastructure/cache/mixins.py                                                                 32     32     0%
src/infrastructure/cache/redis_cache.py                                                            52     42    19%
src/infrastructure/cli_io.py                                                                       15     15     0%
src/infrastructure/graph_stores/__init__.py                                                         3      0   100%
src/infrastructure/graph_stores/factory.py                                                         17     11    35%
src/infrastructure/graph_stores/graph_store.py                                                     46     14    70%
src/infrastructure/graph_stores/neo4j_graph_store.py                                              158    158     0%
src/infrastructure/llm/__init__.py                                                                 17      2    88%
src/infrastructure/llm/claude_llm_provider.py                                                      82     82     0%
src/infrastructure/llm/factory.py                                                                  33     29    12%
src/infrastructure/llm/huggingface_embedding_provider.py                                           33     33     0%
src/infrastructure/llm/huggingface_llm_provider.py                                                 73     58    21%
src/infrastructure/llm/llm_provider.py                                                             19      5    74%
src/infrastructure/llm/ollama_llm_provider.py                                                      71     57    20%
src/infrastructure/llm/openai_embedding_provider.py                                                24     24     0%
src/infrastructure/llm/openai_llm_provider.py                                                      61     47    23%
src/infrastructure/logger.py                                                                      102     38    63%
src/infrastructure/mappers/__init__.py                                                              2      2     0%
src/infrastructure/mappers/utils.py                                                                 5      5     0%
src/infrastructure/rag/__init__.py                                                                 12      0   100%
src/infrastructure/rag/embedding_utils.py                                                           3      3     0%
src/infrastructure/rag/options.py                                                                  63     10    84%
src/infrastructure/rag/steps/__init__.py                                                            0      0   100%
src/infrastructure/rag/steps/general/__init__.py                                                    0      0   100%
src/infrastructure/rag/steps/general/chunking/__init__.py                                           5      0   100%
src/infrastructure/rag/steps/general/chunking/character_document_chunker.py                        32     25    22%
src/infrastructure/rag/steps/general/chunking/code_document_chunker.py                            106     91    14%
src/infrastructure/rag/steps/general/chunking/document_chunker.py                                  13      3    77%
src/infrastructure/rag/steps/general/chunking/dummy_document_chunker.py                            21     21     0%
src/infrastructure/rag/steps/general/chunking/factory.py                                           41     23    44%
src/infrastructure/rag/steps/general/chunking/html_document_chunker.py                             95     83    13%
src/infrastructure/rag/steps/general/chunking/markdown_document_chunker.py                         76     65    14%
src/infrastructure/rag/steps/general/chunking/semantic_document_chunker.py                         34     27    21%
src/infrastructure/rag/steps/general/chunking/sentence_document_chunker.py                         69     57    17%
src/infrastructure/rag/steps/general/chunking/token_document_chunker.py                            55     45    18%
src/infrastructure/rag/steps/general/parsing/__init__.py                                            7      0   100%
src/infrastructure/rag/steps/general/parsing/document_parser.py                                    21      6    71%
src/infrastructure/rag/steps/general/parsing/docx_document_parser.py                               97     76    22%
src/infrastructure/rag/steps/general/parsing/factory.py                                            57     34    40%
src/infrastructure/rag/steps/general/parsing/html_document_parser.py                              114     90    21%
src/infrastructure/rag/steps/general/parsing/pdf_document_parser.py                                78     61    22%
src/infrastructure/rag/steps/general/parsing/text_document_parser.py                               58     45    22%
src/infrastructure/rag/steps/general/parsing/utils.py                                              18     18     0%
src/infrastructure/rag/steps/graph_rag/__init__.py                                                  0      0   100%
src/infrastructure/rag/steps/graph_rag/clustering/__init__.py                                       3      0   100%
src/infrastructure/rag/steps/graph_rag/clustering/base.py                                          10      2    80%
src/infrastructure/rag/steps/graph_rag/clustering/factory.py                                       33     22    33%
src/infrastructure/rag/steps/graph_rag/clustering/leiden_detector.py                              104    104     0%
src/infrastructure/rag/steps/graph_rag/clustering/louvain_detector.py                              92     92     0%
src/infrastructure/rag/steps/graph_rag/entity_extraction/__init__.py                                4      0   100%
src/infrastructure/rag/steps/graph_rag/entity_extraction/base.py                                    9      2    78%
src/infrastructure/rag/steps/graph_rag/entity_extraction/factory.py                                37     24    35%
src/infrastructure/rag/steps/graph_rag/entity_extraction/llm_entity_extractor.py                   83     65    22%
src/infrastructure/rag/steps/graph_rag/entity_extraction/spacy_entity_extractor.py                 75     75     0%
src/infrastructure/rag/steps/graph_rag/relationship_extraction/__init__.py                          4      0   100%
src/infrastructure/rag/steps/graph_rag/relationship_extraction/base.py                              9      2    78%
src/infrastructure/rag/steps/graph_rag/relationship_extraction/dependency_parser_extractor.py      87     87     0%
src/infrastructure/rag/steps/graph_rag/relationship_extraction/factory.py                          37     24    35%
src/infrastructure/rag/steps/graph_rag/relationship_extraction/llm_relationship_extractor.py       83     69    17%
src/infrastructure/rag/steps/vector_rag/__init__.py                                                 0      0   100%
src/infrastructure/rag/steps/vector_rag/embedding/__init__.py                                       4      0   100%
src/infrastructure/rag/steps/vector_rag/embedding/dummy_embedder.py                                14      0   100%
src/infrastructure/rag/steps/vector_rag/embedding/factory.py                                       16      4    75%
src/infrastructure/rag/steps/vector_rag/embedding/ollama_vector_embedder.py                        64     48    25%
src/infrastructure/rag/steps/vector_rag/embedding/vector_embedder.py                               25      8    68%
src/infrastructure/rag/steps/vector_rag/reranking/__init__.py                                       8      0   100%
src/infrastructure/rag/steps/vector_rag/reranking/bm25_reranker.py                                 33     27    18%
src/infrastructure/rag/steps/vector_rag/reranking/cross_encoder_reranker.py                        34     24    29%
src/infrastructure/rag/steps/vector_rag/reranking/dummy_reranker.py                                 6      1    83%
src/infrastructure/rag/steps/vector_rag/reranking/factory.py                                       29     16    45%
src/infrastructure/rag/steps/vector_rag/reranking/no_reranker.py                                    6      1    83%
src/infrastructure/rag/steps/vector_rag/reranking/reranker.py                                       7      1    86%
src/infrastructure/rag/steps/vector_rag/reranking/rrf_reranker.py                                  13      7    46%
src/infrastructure/rag/store_manager.py                                                            40      2    95%
src/infrastructure/rag/workflows/__init__.py                                                        6      0   100%
src/infrastructure/rag/workflows/add_document/__init__.py                                           4      0   100%
src/infrastructure/rag/workflows/add_document/add_document_workflow.py                             13      4    69%
src/infrastructure/rag/workflows/add_document/factory.py                                           53     38    28%
src/infrastructure/rag/workflows/add_document/graph_rag_add_document_workflow.py                   89     89     0%
src/infrastructure/rag/workflows/add_document/vector_rag_add_document_workflow.py                  58     44    24%
src/infrastructure/rag/workflows/create_resources/__init__.py                                       4      0   100%
src/infrastructure/rag/workflows/create_resources/create_rag_resources_workflow.py                 12      4    67%
src/infrastructure/rag/workflows/create_resources/factory.py                                       31     20    35%
src/infrastructure/rag/workflows/create_resources/graph_rag_create_rag_resources_workflow.py       26     26     0%
src/infrastructure/rag/workflows/create_resources/vector_rag_create_rag_resources_workflow.py      56     40    29%
src/infrastructure/rag/workflows/query/__init__.py                                                  5      0   100%
src/infrastructure/rag/workflows/query/factory.py                                                  56     37    34%
src/infrastructure/rag/workflows/query/graph_rag_query_workflow.py                                 84     73    13%
src/infrastructure/rag/workflows/query/hybrid_rag_query_workflow.py                                32      0   100%
src/infrastructure/rag/workflows/query/query_workflow.py                                           13      4    69%
src/infrastructure/rag/workflows/query/vector_rag_query_workflow.py                                71     55    23%
src/infrastructure/rag/workflows/remove_document/__init__.py                                        4      0   100%
src/infrastructure/rag/workflows/remove_document/factory.py                                        31     18    42%
src/infrastructure/rag/workflows/remove_document/graph_rag_remove_document_workflow.py             18     10    44%
src/infrastructure/rag/workflows/remove_document/remove_document_workflow.py                       11      4    64%
src/infrastructure/rag/workflows/remove_document/vector_rag_remove_document_workflow.py            19     10    47%
src/infrastructure/rag/workflows/remove_resources/__init__.py                                       4      0   100%
src/infrastructure/rag/workflows/remove_resources/factory.py                                       29     18    38%
src/infrastructure/rag/workflows/remove_resources/graph_rag_remove_rag_resources_workflow.py       18     18     0%
src/infrastructure/rag/workflows/remove_resources/remove_rag_resources_workflow.py                 11      4    64%
src/infrastructure/rag/workflows/remove_resources/vector_rag_remove_rag_resources_workflow.py      37     24    35%
src/infrastructure/sql_database.py                                                                 87     70    20%
src/infrastructure/storage/__init__.py                                                             23     23     0%
src/infrastructure/storage/factory.py                                                              24     24     0%
src/infrastructure/storage/file_system_storage.py                                                  78     78     0%
src/infrastructure/storage/s3_storage.py                                                           92     92     0%
src/infrastructure/storage/storage.py                                                              19     19     0%
src/infrastructure/types/__init__.py                                                                9      0   100%
src/infrastructure/types/common.py                                                                 39     14    64%
src/infrastructure/types/document.py                                                               15      0   100%
src/infrastructure/types/errors.py                                                                 38      0   100%
src/infrastructure/types/graph.py                                                                  61      0   100%
src/infrastructure/types/pagination.py                                                             46     15    67%
src/infrastructure/types/rag.py                                                                    20      1    95%
src/infrastructure/types/retrieval.py                                                               8      0   100%
src/infrastructure/validation/__init__.py                                                           2      2     0%
src/infrastructure/validation/utils.py                                                             24     24     0%
src/infrastructure/vector_stores/__init__.py                                                        6      0   100%
src/infrastructure/vector_stores/factory.py                                                        42     27    36%
src/infrastructure/vector_stores/qdrant_vector_database.py                                        199    169    15%
src/infrastructure/vector_stores/qdrant_vector_store.py                                            50     37    26%
src/infrastructure/vector_stores/vector_database.py                                                32      9    72%
src/infrastructure/vector_stores/vector_store.py                                                   17      4    76%
src/infrastructure/wikipedia/__init__.py                                                            2      2     0%
src/infrastructure/wikipedia/fetch.py                                                             137    137     0%
-------------------------------------------------------------------------------------------------------------------
TOTAL                                                                                            8389   6942    17%


============================== 44 passed in 6.52s ==============================
============================= test session starts ==============================
platform linux -- Python 3.13.7, pytest-8.4.2, pluggy-1.6.0 -- /home/nate/.cache/pypoetry/virtualenvs/insighthub-G9Cf3wlO-py3.13/bin/python
cachedir: .pytest_cache
rootdir: /home/nate/projects/insighthub
configfile: pyproject.toml
plugins: anyio-4.11.0, returns-0.26.0, cov-4.1.0
collecting ... collected 45 items

tests/integration/test_chat_session_data_access.py::TestChatSessionDataAccessIntegration::test_create_and_get_session PASSED [  2%]
tests/integration/test_chat_session_data_access.py::TestChatSessionDataAccessIntegration::test_get_sessions_by_workspace PASSED [  4%]
tests/integration/test_chat_session_data_access.py::TestChatSessionDataAccessIntegration::test_update_session PASSED [  6%]
tests/integration/test_chat_session_data_access.py::TestChatSessionDataAccessIntegration::test_delete_session PASSED [  8%]
tests/integration/test_default_rag_config_data_access.py::TestDefaultRagConfigDataAccessIntegration::test_get_default_rag_config_returns_none_when_not_set PASSED [ 11%]
tests/integration/test_default_rag_config_data_access.py::TestDefaultRagConfigDataAccessIntegration::test_update_and_get_default_rag_config PASSED [ 13%]
tests/integration/test_document_data_access.py::TestDocumentDataAccessIntegration::test_create_and_get_document PASSED [ 15%]
tests/integration/test_document_data_access.py::TestDocumentDataAccessIntegration::test_get_documents_by_workspace PASSED [ 17%]
tests/integration/test_document_data_access.py::TestDocumentDataAccessIntegration::test_update_document PASSED [ 20%]
tests/integration/test_document_data_access.py::TestDocumentDataAccessIntegration::test_delete_document PASSED [ 22%]
tests/integration/test_graph_rag_workflow.py::TestGraphRagWorkflowIntegration::test_add_document_workflow_success PASSED [ 24%]
tests/integration/test_graph_rag_workflow.py::TestGraphRagWorkflowIntegration::test_query_workflow_after_adding_document PASSED [ 26%]
tests/integration/test_graph_rag_workflow.py::TestGraphRagWorkflowIntegration::test_graph_store_entity_retrieval PASSED [ 28%]
tests/integration/test_graph_rag_workflow.py::TestGraphRagWorkflowIntegration::test_graph_traversal PASSED [ 31%]
tests/integration/test_graph_rag_workflow.py::TestGraphRagWorkflowIntegration::test_delete_workspace_graph PASSED [ 33%]
tests/integration/test_graph_rag_workflow.py::TestGraphRagWorkflowIntegration::test_community_detection_integration PASSED [ 35%]
tests/integration/test_qdrant.py::TestQdrantIntegration::test_qdrant_container_starts PASSED [ 37%]
tests/integration/test_qdrant.py::TestQdrantIntegration::test_qdrant_client_connection PASSED [ 40%]
tests/integration/test_rag_options_integration.py::test_get_all_options_returns_success_with_all_options PASSED [ 42%]
tests/integration/test_redis_cache.py::TestRedisCacheIntegration::test_cache_connection PASSED [ 44%]
tests/integration/test_redis_cache.py::TestRedisCacheIntegration::test_set_and_get PASSED [ 46%]
tests/integration/test_redis_cache.py::TestRedisCacheIntegration::test_get_nonexistent_key PASSED [ 48%]
tests/integration/test_redis_cache.py::TestRedisCacheIntegration::test_delete PASSED [ 51%]
tests/integration/test_redis_cache.py::TestRedisCacheIntegration::test_exists PASSED [ 53%]
tests/integration/test_redis_cache.py::TestRedisCacheIntegration::test_clear PASSED [ 55%]
tests/integration/test_s3_storage.py::TestS3BlobStorageIntegration::test_s3_connection PASSED [ 57%]
tests/integration/test_s3_storage.py::TestS3BlobStorageIntegration::test_upload_and_download PASSED [ 60%]
tests/integration/test_s3_storage.py::TestS3BlobStorageIntegration::test_download_nonexistent_object PASSED [ 62%]
tests/integration/test_s3_storage.py::TestS3BlobStorageIntegration::test_delete PASSED [ 64%]
tests/integration/test_s3_storage.py::TestS3BlobStorageIntegration::test_exists PASSED [ 66%]
tests/integration/test_s3_storage.py::TestS3BlobStorageIntegration::test_get_url PASSED [ 68%]
tests/integration/test_sql_database.py::TestSqlDatabaseIntegration::test_database_connection_and_health_check PASSED [ 71%]
tests/integration/test_sql_database.py::TestSqlDatabaseIntegration::test_execute_and_fetch_operations PASSED [ 73%]
tests/integration/test_sql_database.py::TestSqlDatabaseIntegration::test_execute_with_no_results PASSED [ 75%]
tests/integration/test_sql_database.py::TestSqlDatabaseIntegration::test_fetch_one_with_no_results PASSED [ 77%]
tests/integration/test_sql_database.py::TestSqlDatabaseIntegration::test_fetch_all_with_no_results PASSED [ 80%]
tests/integration/test_state_data_access.py::TestStateDataAccessIntegration::test_get_initial_state PASSED [ 82%]
tests/integration/test_state_data_access.py::TestStateDataAccessIntegration::test_set_and_get_workspace PASSED [ 84%]
tests/integration/test_state_data_access.py::TestStateDataAccessIntegration::test_set_and_get_session PASSED [ 86%]
tests/integration/test_state_data_access.py::TestStateDataAccessIntegration::test_cache_invalidation_on_set PASSED [ 88%]
tests/integration/test_workspace_data_access.py::TestWorkspaceDataAccessIntegration::test_create_and_get_workspace_no_cache_returns_expected_workspace PASSED [ 91%]
tests/integration/test_workspace_data_access.py::TestWorkspaceDataAccessIntegration::test_create_workspace_returns_success_and_workspace PASSED [ 93%]
tests/integration/test_workspace_data_access.py::TestWorkspaceDataAccessIntegration::test_update_workspace_returns_success_and_updates_data PASSED [ 95%]
tests/integration/test_workspace_data_access.py::TestWorkspaceDataAccessIntegration::test_delete_workspace_returns_success_and_removes_data PASSED [ 97%]
tests/integration/test_workspace_data_access.py::TestWorkspaceDataAccessIntegration::test_get_all_workspaces_returns_all_created_workspaces PASSED [100%]

=============================== warnings summary ===============================
tests/integration/test_qdrant.py::TestQdrantIntegration::test_qdrant_client_connection
  /home/nate/.cache/pypoetry/virtualenvs/insighthub-G9Cf3wlO-py3.13/lib/python3.13/site-packages/testcontainers/qdrant/__init__.py:82: UserWarning: Qdrant client version 1.16.1 is incompatible with server version 1.9.1. Major versions should match and minor version difference must not exceed 1. Set check_compatibility=False to skip version check.
    return QdrantClient(

-- Docs: https://docs.pytest.org/en/stable/how-to/capture-warnings.html
=================== 45 passed, 1 warning in 88.47s (0:01:28) ===================
============================= test session starts ==============================
platform linux -- Python 3.13.7, pytest-8.4.2, pluggy-1.6.0 -- /home/nate/.cache/pypoetry/virtualenvs/insighthub-G9Cf3wlO-py3.13/bin/python
cachedir: .pytest_cache
rootdir: /home/nate/projects/insighthub
configfile: pyproject.toml
plugins: anyio-4.11.0, returns-0.26.0, cov-4.1.0
collecting ... collected 256 items

tests/e2e/cli/test_chat.py::TestChatCLI::test_chat_list_empty PASSED     [  0%]
tests/e2e/cli/test_chat.py::TestChatCLI::test_chat_create_with_title PASSED [  0%]
tests/e2e/cli/test_chat.py::TestChatCLI::test_chat_create_without_title PASSED [  1%]
tests/e2e/cli/test_chat.py::TestChatCLI::test_chat_list_with_sessions PASSED [  1%]
tests/e2e/cli/test_chat.py::TestChatCLI::test_chat_select PASSED         [  1%]
tests/e2e/cli/test_chat.py::TestChatCLI::test_chat_history_no_session_selected PASSED [  2%]
tests/e2e/cli/test_chat.py::TestChatCLI::test_chat_history_empty PASSED  [  2%]
tests/e2e/cli/test_chat.py::TestChatCLI::test_chat_send_no_session_selected PASSED [  3%]
tests/e2e/cli/test_chat.py::TestChatCLI::test_chat_delete PASSED         [  3%]
tests/e2e/cli/test_chat.py::TestChatCLI::test_chat_delete_nonexistent PASSED [  3%]
tests/e2e/cli/test_chat.py::TestChatCLI::test_chat_create_invalid_workspace PASSED [  4%]
tests/e2e/cli/test_chat.py::TestChatCLI::test_chat_help PASSED           [  4%]
tests/e2e/cli/test_chat_messaging.py::TestChatMessaging::test_chat_send_simple_message PASSED [  5%]
tests/e2e/cli/test_chat_messaging.py::TestChatMessaging::test_chat_send_multiple_messages PASSED [  5%]
tests/e2e/cli/test_chat_messaging.py::TestChatMessaging::test_chat_send_question PASSED [  5%]
tests/e2e/cli/test_chat_messaging.py::TestChatMessaging::test_chat_send_with_punctuation PASSED [  6%]
tests/e2e/cli/test_chat_messaging.py::TestChatMessaging::test_chat_send_with_numbers PASSED [  6%]
tests/e2e/cli/test_chat_messaging.py::TestChatMessaging::test_chat_with_added_document PASSED [  7%]
tests/e2e/cli/test_chat_messaging.py::TestChatMessaging::test_chat_with_multiple_documents PASSED [  7%]
tests/e2e/cli/test_chat_messaging.py::TestChatMessaging::test_chat_history_after_sending_messages PASSED [  7%]
tests/e2e/cli/test_chat_messaging.py::TestChatMessaging::test_chat_multiple_sessions_isolation PASSED [  8%]
tests/e2e/cli/test_chat_messaging.py::TestChatMessaging::test_chat_send_empty_message PASSED [  8%]
tests/e2e/cli/test_chat_messaging.py::TestChatMessaging::test_chat_send_whitespace_only PASSED [  8%]
tests/e2e/cli/test_chat_messaging.py::TestChatMessaging::test_chat_send_single_character PASSED [  9%]
tests/e2e/cli/test_chat_messaging.py::TestChatMessaging::test_chat_send_unicode_message PASSED [  9%]
tests/e2e/cli/test_chat_messaging.py::TestChatMessaging::test_switch_sessions_and_send_messages PASSED [ 10%]
tests/e2e/cli/test_chat_messaging.py::TestChatMessaging::test_chat_send_after_workspace_switch PASSED [ 10%]
tests/e2e/cli/test_chat_messaging.py::TestChatMessaging::test_chat_list_history_workflow PASSED [ 10%]
tests/e2e/cli/test_cli_combinations.py::TestCLICombinations::test_rag_config_workspace_document_chat_workflow PASSED [ 11%]
tests/e2e/cli/test_cli_combinations.py::TestCLICombinations::test_multiple_workspaces_with_different_configs PASSED [ 11%]
tests/e2e/cli/test_cli_combinations.py::TestCLICombinations::test_upload_list_show_remove_workflow PASSED [ 12%]
tests/e2e/cli/test_cli_combinations.py::TestCLICombinations::test_multiple_document_uploads_and_operations PASSED [ 12%]
tests/e2e/cli/test_cli_combinations.py::TestCLICombinations::test_multiple_chat_sessions_workflow PASSED [ 12%]
tests/e2e/cli/test_cli_combinations.py::TestCLICombinations::test_chat_across_workspace_lifecycle PASSED [ 13%]
tests/e2e/cli/test_cli_combinations.py::TestCLICombinations::test_create_list_show_update_delete_workflow PASSED [ 13%]
tests/e2e/cli/test_cli_combinations.py::TestCLICombinations::test_workspace_with_all_resource_types PASSED [ 14%]
tests/e2e/cli/test_cli_combinations.py::TestCLICombinations::test_help_for_all_commands PASSED [ 14%]
tests/e2e/cli/test_cli_combinations.py::TestCLICombinations::test_help_with_subcommands PASSED [ 14%]
tests/e2e/cli/test_cli_combinations.py::TestCLICombinations::test_workspace_operations_after_errors PASSED [ 15%]
tests/e2e/cli/test_cli_combinations.py::TestCLICombinations::test_document_operations_after_errors PASSED [ 15%]
tests/e2e/cli/test_concurrent.py::TestCLIConcurrency::test_concurrent_workspace_creation PASSED [ 16%]
tests/e2e/cli/test_concurrent.py::TestCLIConcurrency::test_concurrent_document_uploads PASSED [ 16%]
tests/e2e/cli/test_concurrent.py::TestCLIConcurrency::test_concurrent_chat_session_creation PASSED [ 16%]
tests/e2e/cli/test_concurrent.py::TestCLIConcurrency::test_concurrent_workspace_selection PASSED [ 17%]
tests/e2e/cli/test_concurrent.py::TestCLIConcurrency::test_concurrent_document_removal PASSED [ 17%]
tests/e2e/cli/test_concurrent.py::TestCLIConcurrency::test_concurrent_read_operations PASSED [ 17%]
tests/e2e/cli/test_concurrent.py::TestCLIConcurrency::test_concurrent_workspace_updates PASSED [ 18%]
tests/e2e/cli/test_concurrent.py::TestCLIConcurrency::test_concurrent_mixed_operations PASSED [ 18%]
tests/e2e/cli/test_concurrent.py::TestCLIConcurrency::test_concurrent_rag_config_updates PASSED [ 19%]
tests/e2e/cli/test_cross_rag_workflows.py::TestCrossRagWorkflows::test_create_both_rag_types_in_session PASSED [ 19%]
tests/e2e/cli/test_cross_rag_workflows.py::TestCrossRagWorkflows::test_same_document_both_rag_types PASSED [ 19%]
tests/e2e/cli/test_cross_rag_workflows.py::TestCrossRagWorkflows::test_switch_workspace_selection_between_rag_types PASSED [ 20%]
tests/e2e/cli/test_cross_rag_workflows.py::TestCrossRagWorkflows::test_chat_comparison_vector_vs_graph PASSED [ 20%]
tests/e2e/cli/test_cross_rag_workflows.py::TestCrossRagWorkflows::test_list_workspaces_shows_rag_type_distinction PASSED [ 21%]
tests/e2e/cli/test_cross_rag_workflows.py::TestCrossRagWorkflows::test_state_management_across_rag_types PASSED [ 21%]
tests/e2e/cli/test_cross_rag_workflows.py::TestCrossRagWorkflows::test_document_operations_independent_per_rag_type PASSED [ 21%]
tests/e2e/cli/test_cross_rag_workflows.py::TestCrossRagWorkflows::test_delete_workspace_preserves_other_rag_type PASSED [ 22%]
tests/e2e/cli/test_cross_rag_workflows.py::TestCrossRagWorkflows::test_rag_options_lists_both_types PASSED [ 22%]
tests/e2e/cli/test_default_rag_config.py::TestDefaultRagConfigCLI::test_default_rag_config_show PASSED [ 23%]
tests/e2e/cli/test_default_rag_config.py::TestDefaultRagConfigCLI::test_default_rag_config_new_vector PASSED [ 23%]
tests/e2e/cli/test_default_rag_config.py::TestDefaultRagConfigCLI::test_default_rag_config_new_graph PASSED [ 23%]
tests/e2e/cli/test_default_rag_config.py::TestDefaultRagConfigCLI::test_default_rag_config_update_vector_to_graph PASSED [ 24%]
tests/e2e/cli/test_default_rag_config.py::TestDefaultRagConfigCLI::test_default_rag_config_invalid_rag_type PASSED [ 24%]
tests/e2e/cli/test_default_rag_config.py::TestDefaultRagConfigCLI::test_default_rag_config_help PASSED [ 25%]
tests/e2e/cli/test_default_rag_config.py::TestDefaultRagConfigCLI::test_default_rag_config_auto_create_on_show PASSED [ 25%]
tests/e2e/cli/test_document.py::TestDocumentCLI::test_document_list_no_workspace_selected PASSED [ 25%]
tests/e2e/cli/test_document.py::TestDocumentCLI::test_document_list_empty PASSED [ 26%]
tests/e2e/cli/test_document.py::TestDocumentCLI::test_document_upload_and_list PASSED [ 26%]
tests/e2e/cli/test_document.py::TestDocumentCLI::test_document_show PASSED [ 26%]
tests/e2e/cli/test_document.py::TestDocumentCLI::test_document_upload_nonexistent_file PASSED [ 27%]
tests/e2e/cli/test_document.py::TestDocumentCLI::test_document_remove PASSED [ 27%]
tests/e2e/cli/test_document.py::TestDocumentCLI::test_document_remove_nonexistent PASSED [ 28%]
tests/e2e/cli/test_document.py::TestDocumentCLI::test_document_help PASSED [ 28%]
tests/e2e/cli/test_document_combinations.py::TestDocumentCombinations::test_upload_various_text_formats PASSED [ 28%]
tests/e2e/cli/test_document_combinations.py::TestDocumentCombinations::test_upload_files_with_different_sizes PASSED [ 29%]
tests/e2e/cli/test_document_combinations.py::TestDocumentCombinations::test_upload_empty_file PASSED [ 29%]
tests/e2e/cli/test_document_combinations.py::TestDocumentCombinations::test_upload_file_with_long_content PASSED [ 30%]
tests/e2e/cli/test_document_combinations.py::TestDocumentCombinations::test_upload_files_with_various_filenames PASSED [ 30%]
tests/e2e/cli/test_document_combinations.py::TestDocumentCombinations::test_upload_files_from_different_paths PASSED [ 30%]
tests/e2e/cli/test_document_combinations.py::TestDocumentCombinations::test_show_documents_with_different_attributes PASSED [ 31%]
tests/e2e/cli/test_document_combinations.py::TestDocumentCombinations::test_show_nonexistent_document_ids PASSED [ 31%]
tests/e2e/cli/test_document_combinations.py::TestDocumentCombinations::test_remove_documents_in_sequence PASSED [ 32%]
tests/e2e/cli/test_document_combinations.py::TestDocumentCombinations::test_remove_and_reupload_same_file PASSED [ 32%]
tests/e2e/cli/test_document_combinations.py::TestDocumentCombinations::test_cancel_document_removal PASSED [ 32%]
tests/e2e/cli/test_document_combinations.py::TestDocumentCombinations::test_list_with_various_document_counts PASSED [ 33%]
tests/e2e/cli/test_document_combinations.py::TestDocumentCombinations::test_list_after_various_operations PASSED [ 33%]
tests/e2e/cli/test_document_combinations.py::TestDocumentCombinations::test_documents_with_chat_sessions PASSED [ 33%]
tests/e2e/cli/test_document_combinations.py::TestDocumentCombinations::test_upload_documents_between_chat_messages PASSED [ 34%]
tests/e2e/cli/test_document_combinations.py::TestDocumentCombinations::test_upload_same_filename_twice PASSED [ 34%]
tests/e2e/cli/test_document_processing_comprehensive.py::TestDocumentProcessingComprehensive::test_upload_plain_text_document PASSED [ 35%]
tests/e2e/cli/test_document_processing_comprehensive.py::TestDocumentProcessingComprehensive::test_upload_document_with_unicode_content PASSED [ 35%]
tests/e2e/cli/test_document_processing_comprehensive.py::TestDocumentProcessingComprehensive::test_upload_very_large_document PASSED [ 35%]
tests/e2e/cli/test_document_processing_comprehensive.py::TestDocumentProcessingComprehensive::test_upload_empty_document PASSED [ 36%]
tests/e2e/cli/test_document_processing_comprehensive.py::TestDocumentProcessingComprehensive::test_upload_document_with_long_filename PASSED [ 36%]
tests/e2e/cli/test_document_processing_comprehensive.py::TestDocumentProcessingComprehensive::test_upload_multiple_documents_same_content PASSED [ 37%]
tests/e2e/cli/test_document_processing_comprehensive.py::TestDocumentProcessingComprehensive::test_upload_document_with_special_filename_chars PASSED [ 37%]
tests/e2e/cli/test_document_processing_comprehensive.py::TestDocumentProcessingComprehensive::test_document_show_displays_metadata PASSED [ 37%]
tests/e2e/cli/test_document_processing_comprehensive.py::TestDocumentProcessingComprehensive::test_remove_document_by_exact_filename PASSED [ 38%]
tests/e2e/cli/test_document_processing_comprehensive.py::TestDocumentProcessingComprehensive::test_upload_and_remove_rapid_sequence PASSED [ 38%]
tests/e2e/cli/test_document_processing_comprehensive.py::TestDocumentProcessingComprehensive::test_document_list_empty_workspace PASSED [ 39%]
tests/e2e/cli/test_document_processing_comprehensive.py::TestDocumentProcessingComprehensive::test_document_list_after_multiple_uploads PASSED [ 39%]
tests/e2e/cli/test_document_processing_comprehensive.py::TestDocumentProcessingComprehensive::test_document_with_multiple_line_breaks PASSED [ 39%]
tests/e2e/cli/test_document_processing_comprehensive.py::TestDocumentProcessingComprehensive::test_document_with_mixed_content_types PASSED [ 40%]
tests/e2e/cli/test_document_processing_comprehensive.py::TestDocumentProcessingComprehensive::test_cancel_document_removal PASSED [ 40%]
tests/e2e/cli/test_document_processing_comprehensive.py::TestDocumentProcessingComprehensive::test_document_processing_in_graph_workspace PASSED [ 41%]
tests/e2e/cli/test_error_handling.py::TestCLIErrorHandling::test_workspace_show_invalid_id PASSED [ 41%]
tests/e2e/cli/test_error_handling.py::TestCLIErrorHandling::test_workspace_show_negative_id PASSED [ 41%]
tests/e2e/cli/test_error_handling.py::TestCLIErrorHandling::test_workspace_update_nonexistent PASSED [ 42%]
tests/e2e/cli/test_error_handling.py::TestCLIErrorHandling::test_workspace_select_nonexistent PASSED [ 42%]
tests/e2e/cli/test_error_handling.py::TestCLIErrorHandling::test_workspace_delete_nonexistent PASSED [ 42%]
tests/e2e/cli/test_error_handling.py::TestCLIErrorHandling::test_workspace_delete_cancel PASSED [ 43%]
tests/e2e/cli/test_error_handling.py::TestCLIErrorHandling::test_document_upload_without_workspace PASSED [ 43%]
tests/e2e/cli/test_error_handling.py::TestCLIErrorHandling::test_document_upload_empty_file PASSED [ 44%]
tests/e2e/cli/test_error_handling.py::TestCLIErrorHandling::test_document_upload_large_path PASSED [ 44%]
tests/e2e/cli/test_error_handling.py::TestCLIErrorHandling::test_document_show_invalid_id PASSED [ 44%]
tests/e2e/cli/test_error_handling.py::TestCLIErrorHandling::test_document_show_nonexistent PASSED [ 45%]
tests/e2e/cli/test_error_handling.py::TestCLIErrorHandling::test_document_remove_cancel PASSED [ 45%]
tests/e2e/cli/test_error_handling.py::TestCLIErrorHandling::test_chat_list_invalid_workspace PASSED [ 46%]
tests/e2e/cli/test_error_handling.py::TestCLIErrorHandling::test_chat_list_nonexistent_workspace PASSED [ 46%]
tests/e2e/cli/test_error_handling.py::TestCLIErrorHandling::test_chat_create_invalid_workspace PASSED [ 46%]
tests/e2e/cli/test_error_handling.py::TestCLIErrorHandling::test_chat_select_invalid_id PASSED [ 47%]
tests/e2e/cli/test_error_handling.py::TestCLIErrorHandling::test_chat_select_nonexistent PASSED [ 47%]
tests/e2e/cli/test_error_handling.py::TestCLIErrorHandling::test_chat_delete_cancel PASSED [ 48%]
tests/e2e/cli/test_error_handling.py::TestCLIErrorHandling::test_chat_send_empty_message PASSED [ 48%]
tests/e2e/cli/test_error_handling.py::TestCLIErrorHandling::test_no_command PASSED [ 48%]
tests/e2e/cli/test_error_handling.py::TestCLIErrorHandling::test_invalid_resource PASSED [ 49%]
tests/e2e/cli/test_error_handling.py::TestCLIErrorHandling::test_invalid_action PASSED [ 49%]
tests/e2e/cli/test_error_handling.py::TestCLIErrorHandling::test_help_commands PASSED [ 50%]
tests/e2e/cli/test_error_handling.py::TestCLIErrorHandling::test_missing_required_argument PASSED [ 50%]
tests/e2e/cli/test_error_handling.py::TestCLIErrorHandling::test_workspace_create_with_empty_inputs PASSED [ 50%]
tests/e2e/cli/test_error_handling.py::TestCLIErrorHandling::test_default_rag_config_invalid_type PASSED [ 51%]
tests/e2e/cli/test_error_handling.py::TestCLIErrorHandling::test_document_upload_directory_instead_of_file PASSED [ 51%]
tests/e2e/cli/test_graph_rag.py::TestGraphRagCLI::test_workspace_create_with_graph_rag PASSED [ 51%]
tests/e2e/cli/test_graph_rag.py::TestGraphRagCLI::test_document_add_with_graph_rag PASSED [ 52%]
tests/e2e/cli/test_graph_rag.py::TestGraphRagCLI::test_chat_query_with_graph_rag PASSED [ 52%]
tests/e2e/cli/test_graph_rag.py::TestGraphRagCLI::test_rag_options_shows_graph_algorithms PASSED [ 53%]
tests/e2e/cli/test_graph_rag.py::TestGraphRagCLI::test_default_rag_config_set_graph_options PASSED [ 53%]
tests/e2e/cli/test_graph_rag.py::TestGraphRagCLI::test_default_rag_config_set_clustering_algorithm PASSED [ 53%]
tests/e2e/cli/test_graph_rag.py::TestGraphRagCLI::test_workspace_list_shows_graph_workspaces PASSED [ 54%]
tests/e2e/cli/test_graph_rag.py::TestGraphRagCLI::test_graph_rag_end_to_end_workflow SKIPPED [ 54%]
tests/e2e/cli/test_graph_rag_comprehensive.py::TestGraphRagComprehensive::test_graph_workspace_creation_with_config PASSED [ 55%]
tests/e2e/cli/test_graph_rag_comprehensive.py::TestGraphRagComprehensive::test_document_upload_extracts_entities PASSED [ 55%]
tests/e2e/cli/test_graph_rag_comprehensive.py::TestGraphRagComprehensive::test_chat_query_uses_graph_context PASSED [ 55%]
tests/e2e/cli/test_graph_rag_comprehensive.py::TestGraphRagComprehensive::test_multiple_documents_create_connected_graph PASSED [ 56%]
tests/e2e/cli/test_graph_rag_comprehensive.py::TestGraphRagComprehensive::test_graph_rag_handles_large_document PASSED [ 56%]
tests/e2e/cli/test_graph_rag_comprehensive.py::TestGraphRagComprehensive::test_switching_from_vector_to_graph_rag PASSED [ 57%]
tests/e2e/cli/test_graph_rag_comprehensive.py::TestGraphRagComprehensive::test_graph_workspace_document_removal PASSED [ 57%]
tests/e2e/cli/test_graph_rag_comprehensive.py::TestGraphRagComprehensive::test_chat_history_preserved_in_graph_workspace PASSED [ 57%]
tests/e2e/cli/test_graph_rag_comprehensive.py::TestGraphRagComprehensive::test_graph_workspace_deletion_cleans_up_neo4j PASSED [ 58%]
tests/e2e/cli/test_rag_combinations.py::TestRAGConfigCombinations::test_vector_sentence_chunking_nomic_embedding PASSED [ 58%]
tests/e2e/cli/test_rag_combinations.py::TestRAGConfigCombinations::test_vector_character_chunking_ollama_embedding PASSED [ 58%]
tests/e2e/cli/test_rag_combinations.py::TestRAGConfigCombinations::test_vector_semantic_chunking_huggingface_embedding PASSED [ 59%]
tests/e2e/cli/test_rag_combinations.py::TestRAGConfigCombinations::test_vector_dummy_chunking_dummy_embedding PASSED [ 59%]
tests/e2e/cli/test_rag_combinations.py::TestRAGConfigCombinations::test_vector_with_dummy_reranking PASSED [ 60%]
tests/e2e/cli/test_rag_combinations.py::TestRAGConfigCombinations::test_vector_large_chunk_size PASSED [ 60%]
tests/e2e/cli/test_rag_combinations.py::TestRAGConfigCombinations::test_vector_small_chunk_size PASSED [ 60%]
tests/e2e/cli/test_rag_combinations.py::TestRAGConfigCombinations::test_vector_zero_overlap PASSED [ 61%]
tests/e2e/cli/test_rag_combinations.py::TestRAGConfigCombinations::test_vector_high_top_k PASSED [ 61%]
tests/e2e/cli/test_rag_combinations.py::TestRAGConfigCombinations::test_vector_top_k_one PASSED [ 62%]
tests/e2e/cli/test_rag_combinations.py::TestRAGConfigCombinations::test_graph_spacy_dependency_leiden PASSED [ 62%]
tests/e2e/cli/test_rag_combinations.py::TestRAGConfigCombinations::test_graph_dummy_dependency_leiden PASSED [ 62%]
tests/e2e/cli/test_rag_combinations.py::TestRAGConfigCombinations::test_graph_spacy_dummy_leiden PASSED [ 63%]
tests/e2e/cli/test_rag_combinations.py::TestRAGConfigCombinations::test_graph_spacy_dependency_dummy_clustering PASSED [ 63%]
tests/e2e/cli/test_rag_combinations.py::TestRAGConfigCombinations::test_graph_all_dummy PASSED [ 64%]
tests/e2e/cli/test_rag_combinations.py::TestRAGConfigCombinations::test_switch_from_vector_to_graph PASSED [ 64%]
tests/e2e/cli/test_rag_combinations.py::TestRAGConfigCombinations::test_switch_from_graph_to_vector PASSED [ 64%]
tests/e2e/cli/test_rag_combinations.py::TestRAGConfigCombinations::test_multiple_config_updates PASSED [ 65%]
tests/e2e/cli/test_rag_combinations.py::TestRAGConfigCombinations::test_vector_all_defaults PASSED [ 65%]
tests/e2e/cli/test_rag_combinations.py::TestRAGConfigCombinations::test_vector_partial_defaults PASSED [ 66%]
tests/e2e/cli/test_rag_combinations.py::TestRAGConfigCombinations::test_create_workspace_after_vector_config PASSED [ 66%]
tests/e2e/cli/test_rag_combinations.py::TestRAGConfigCombinations::test_create_workspace_after_graph_config PASSED [ 66%]
tests/e2e/cli/test_rag_combinations.py::TestRAGConfigCombinations::test_create_mixed_workspace_types PASSED [ 67%]
tests/e2e/cli/test_rag_options.py::TestRagOptionsCLI::test_rag_options_list_command_exists PASSED [ 67%]
tests/e2e/cli/test_rag_options.py::TestRagOptionsCLI::test_rag_options_list_shows_rag_types PASSED [ 67%]
tests/e2e/cli/test_rag_options.py::TestRagOptionsCLI::test_rag_options_list_shows_chunking_algorithms PASSED [ 68%]
tests/e2e/cli/test_rag_options.py::TestRagOptionsCLI::test_rag_options_list_shows_embedding_algorithms PASSED [ 68%]
tests/e2e/cli/test_rag_options.py::TestRagOptionsCLI::test_rag_options_list_shows_rerank_algorithms PASSED [ 69%]
tests/e2e/cli/test_rag_options.py::TestRagOptionsCLI::test_rag_options_list_shows_graph_algorithms PASSED [ 69%]
tests/e2e/cli/test_rag_options.py::TestRagOptionsCLI::test_rag_options_list_shows_entity_extraction PASSED [ 69%]
tests/e2e/cli/test_rag_options.py::TestRagOptionsCLI::test_rag_options_list_shows_relationship_extraction PASSED [ 70%]
tests/e2e/cli/test_rag_options.py::TestRagOptionsCLI::test_rag_options_list_shows_clustering PASSED [ 70%]
tests/e2e/cli/test_rag_options.py::TestRagOptionsCLI::test_rag_options_help_command PASSED [ 71%]
tests/e2e/cli/test_rag_options.py::TestRagOptionsCLI::test_rag_options_list_format PASSED [ 71%]
tests/e2e/cli/test_rag_options.py::TestRagOptionsCLI::test_rag_options_list_includes_descriptions PASSED [ 71%]
tests/e2e/cli/test_rag_options.py::TestRagOptionsCLI::test_rag_options_list_all_categories_present PASSED [ 72%]
tests/e2e/cli/test_state.py::TestStateCLI::test_state_show_command_exists PASSED [ 72%]
tests/e2e/cli/test_state.py::TestStateCLI::test_state_show_displays_workspace PASSED [ 73%]
tests/e2e/cli/test_state.py::TestStateCLI::test_state_show_displays_session PASSED [ 73%]
tests/e2e/cli/test_state.py::TestStateCLI::test_state_show_after_workspace_switch PASSED [ 73%]
tests/e2e/cli/test_state.py::TestStateCLI::test_state_help_command PASSED [ 74%]
tests/e2e/cli/test_state.py::TestStateCLI::test_state_show_format PASSED [ 74%]
tests/e2e/cli/test_validation.py::TestCLIValidation::test_workspace_id_must_be_integer PASSED [ 75%]
tests/e2e/cli/test_validation.py::TestCLIValidation::test_workspace_id_zero PASSED [ 75%]
tests/e2e/cli/test_validation.py::TestCLIValidation::test_workspace_create_with_very_long_name PASSED [ 75%]
tests/e2e/cli/test_validation.py::TestCLIValidation::test_workspace_create_with_special_characters PASSED [ 76%]
tests/e2e/cli/test_validation.py::TestCLIValidation::test_workspace_create_with_unicode PASSED [ 76%]
tests/e2e/cli/test_validation.py::TestCLIValidation::test_workspace_select_with_extra_arguments PASSED [ 76%]
tests/e2e/cli/test_validation.py::TestCLIValidation::test_document_upload_with_special_char_filename PASSED [ 77%]
tests/e2e/cli/test_validation.py::TestCLIValidation::test_document_upload_symlink PASSED [ 77%]
tests/e2e/cli/test_validation.py::TestCLIValidation::test_document_id_validation PASSED [ 78%]
tests/e2e/cli/test_validation.py::TestCLIValidation::test_document_remove_with_wildcard PASSED [ 78%]
tests/e2e/cli/test_validation.py::TestCLIValidation::test_chat_workspace_id_validation PASSED [ 78%]
tests/e2e/cli/test_validation.py::TestCLIValidation::test_chat_session_id_validation PASSED [ 79%]
tests/e2e/cli/test_validation.py::TestCLIValidation::test_chat_create_with_very_long_title PASSED [ 79%]
tests/e2e/cli/test_validation.py::TestCLIValidation::test_chat_create_with_special_characters PASSED [ 80%]
tests/e2e/cli/test_validation.py::TestCLIValidation::test_chat_send_very_long_message PASSED [ 80%]
tests/e2e/cli/test_validation.py::TestCLIValidation::test_chat_send_with_newlines PASSED [ 80%]
tests/e2e/cli/test_validation.py::TestCLIValidation::test_rag_config_invalid_chunking_algorithm PASSED [ 81%]
tests/e2e/cli/test_validation.py::TestCLIValidation::test_rag_config_invalid_chunk_size PASSED [ 81%]
tests/e2e/cli/test_validation.py::TestCLIValidation::test_rag_config_invalid_overlap PASSED [ 82%]
tests/e2e/cli/test_validation.py::TestCLIValidation::test_rag_config_overlap_greater_than_chunk_size PASSED [ 82%]
tests/e2e/cli/test_validation.py::TestCLIValidation::test_rag_config_invalid_top_k PASSED [ 82%]
tests/e2e/cli/test_validation.py::TestCLIValidation::test_rag_config_invalid_entity_extraction PASSED [ 83%]
tests/e2e/cli/test_validation.py::TestCLIValidation::test_command_injection_attempts PASSED [ 83%]
tests/e2e/cli/test_validation.py::TestCLIValidation::test_null_byte_injection PASSED [ 83%]
tests/e2e/cli/test_validation.py::TestCLIValidation::test_path_traversal_in_document_upload PASSED [ 84%]
tests/e2e/cli/test_vector_rag_comprehensive.py::TestVectorRagComprehensive::test_vector_workspace_creation PASSED [ 84%]
tests/e2e/cli/test_vector_rag_comprehensive.py::TestVectorRagComprehensive::test_document_chunking_and_embedding PASSED [ 85%]
tests/e2e/cli/test_vector_rag_comprehensive.py::TestVectorRagComprehensive::test_semantic_search_retrieval FAILED [ 85%]
tests/e2e/cli/test_vector_rag_comprehensive.py::TestVectorRagComprehensive::test_context_aware_responses FAILED [ 85%]
tests/e2e/cli/test_vector_rag_comprehensive.py::TestVectorRagComprehensive::test_multiple_document_upload PASSED [ 86%]
tests/e2e/cli/test_vector_rag_comprehensive.py::TestVectorRagComprehensive::test_document_removal_updates_vectors PASSED [ 86%]
tests/e2e/cli/test_vector_rag_comprehensive.py::TestVectorRagComprehensive::test_empty_workspace_chat FAILED [ 87%]
tests/e2e/cli/test_vector_rag_comprehensive.py::TestVectorRagComprehensive::test_workspace_with_custom_chunk_size PASSED [ 87%]
tests/e2e/cli/test_vector_rag_comprehensive.py::TestVectorRagComprehensive::test_chat_session_management PASSED [ 87%]